<?xml version="1.0" encoding="UTF-8"?>
<testsuite name="org.scoula.security.account.mapper.UserDetailsMapperTest" tests="1" skipped="0" failures="0" errors="0" timestamp="2025-06-23T08:25:21" hostname="ijaejeong-ui-MacBookAir.local" time="0.034">
  <properties/>
  <testcase name="get()" classname="org.scoula.security.account.mapper.UserDetailsMapperTest" time="0.034"/>
  <system-out><![CDATA[ INFO  org.springframework.test.context.support.DefaultTestContextBootstrapper(getDefaultTestExecutionListenerClassNames:245) - Loaded default TestExecutionListener class names from location [META-INF/spring.factories]: [org.springframework.test.context.web.ServletTestExecutionListener, org.springframework.test.context.support.DirtiesContextBeforeModesTestExecutionListener, org.springframework.test.context.event.ApplicationEventsTestExecutionListener, org.springframework.test.context.support.DependencyInjectionTestExecutionListener, org.springframework.test.context.support.DirtiesContextTestExecutionListener, org.springframework.test.context.transaction.TransactionalTestExecutionListener, org.springframework.test.context.jdbc.SqlScriptsTestExecutionListener, org.springframework.test.context.event.EventPublishingTestExecutionListener]
 INFO  org.springframework.test.context.support.DefaultTestContextBootstrapper(getTestExecutionListeners:174) - Using TestExecutionListeners: [org.springframework.test.context.web.ServletTestExecutionListener@35e52059, org.springframework.test.context.support.DirtiesContextBeforeModesTestExecutionListener@62577d6, org.springframework.test.context.event.ApplicationEventsTestExecutionListener@49bd54f7, org.springframework.test.context.support.DependencyInjectionTestExecutionListener@6b5f8707, org.springframework.test.context.support.DirtiesContextTestExecutionListener@772485dd, org.springframework.test.context.transaction.TransactionalTestExecutionListener@5a12c728, org.springframework.test.context.jdbc.SqlScriptsTestExecutionListener@79ab3a71, org.springframework.test.context.event.EventPublishingTestExecutionListener@6e5bfdfc]
 INFO  com.zaxxer.hikari.HikariDataSource(<init>:71) - HikariPool-1 - Starting...
 INFO  com.zaxxer.hikari.pool.PoolBase(getAndSetNetworkTimeout:526) - HikariPool-1 - Driver does not support get/set network timeout for connections. (Receiver class net.sf.log4jdbc.sql.jdbcapi.ConnectionSpy does not define or inherit an implementation of the resolved method 'abstract int getNetworkTimeout()' of interface java.sql.Connection.)
 INFO  com.zaxxer.hikari.HikariDataSource(<init>:73) - HikariPool-1 - Start completed.
 INFO  org.scoula.security.config.SecurityConfig(configure:91) - configure .........................................
 INFO  org.springframework.security.web.DefaultSecurityFilterChain(<init>:55) - Will secure any request with [org.springframework.security.web.session.DisableEncodeUrlFilter@1eb9a3ef, org.springframework.security.web.context.request.async.WebAsyncManagerIntegrationFilter@5d318e91, org.springframework.security.web.context.SecurityContextPersistenceFilter@4a9860, org.springframework.security.web.header.HeaderWriterFilter@c02670f, org.springframework.web.filter.CharacterEncodingFilter@298b64f7, org.springframework.security.web.csrf.CsrfFilter@ec7b5de, org.springframework.security.web.authentication.logout.LogoutFilter@7f85217c, org.springframework.security.web.authentication.UsernamePasswordAuthenticationFilter@6579cdbb, org.springframework.security.web.savedrequest.RequestCacheAwareFilter@5ae1c281, org.springframework.security.web.servletapi.SecurityContextHolderAwareRequestFilter@34414ffc, org.springframework.security.web.authentication.AnonymousAuthenticationFilter@740b6628, org.springframework.security.web.session.SessionManagementFilter@13bdf540, org.springframework.security.web.access.ExceptionTranslationFilter@2ec99035, org.springframework.security.web.access.intercept.FilterSecurityInterceptor@32091c14]
 INFO  jdbc.sqlonly(sqlOccurred:228) - select m.username, password, email, reg_date, update_date, auth from tbl_member m left outer 
join tbl_member_auth a on m.username = a.username where m.username = 'admin' 

 INFO  org.scoula.security.account.mapper.UserDetailsMapperTest(get:28) - MemberVO(username=admin, password=$2a$10$EsIMfxbJ6NuvwX7MDj4WqOYFzLU9U/IddCyn0nic5dFo3VfJYrXYC, email=admin@galapgos.org, regDate=Mon Jun 23 13:16:45 KST 2025, updateDate=Mon Jun 23 13:16:45 KST 2025, authList=[AuthVO(username=admin, auth=ROLE_ADMIN), AuthVO(username=admin, auth=ROLE_MANAGER), AuthVO(username=admin, auth=ROLE_MEMBER)])
 INFO  org.scoula.security.account.mapper.UserDetailsMapperTest(get:30) - 권한 : AuthVO(username=admin, auth=ROLE_ADMIN)
 INFO  org.scoula.security.account.mapper.UserDetailsMapperTest(get:30) - 권한 : AuthVO(username=admin, auth=ROLE_MANAGER)
 INFO  org.scoula.security.account.mapper.UserDetailsMapperTest(get:30) - 권한 : AuthVO(username=admin, auth=ROLE_MEMBER)
]]></system-out>
  <system-err><![CDATA[]]></system-err>
</testsuite>
